<?xml version="1.0" encoding="UTF-8"?>
<testng-results ignored="0" total="1" passed="1" failed="0" skipped="0">
  <reporter-output>
  </reporter-output>
  <suite started-at="2021-02-23T19:34:27 COT" name="Amazon Suite" finished-at="2021-02-23T19:34:44 COT" duration-ms="17109">
    <groups>
    </groups>
    <test started-at="2021-02-23T19:34:27 COT" name="SearchTest" finished-at="2021-02-23T19:34:44 COT" duration-ms="17109">
      <class name="SearchTest">
        <test-method is-config="true" signature="setUp(java.lang.String, int)[pri:0, instance:SearchTest@683dbc2c]" started-at="2021-02-23T19:34:27 COT" name="setUp" finished-at="2021-02-23T19:34:32 COT" duration-ms="5035" status="PASS">
          <params>
            <param index="0">
              <value>
                <![CDATA[https://www.amazon.com/]]>
              </value>
            </param>
            <param index="1">
              <value>
                <![CDATA[10]]>
              </value>
            </param>
          </params>
          <reporter-output>
          </reporter-output>
        </test-method> <!-- setUp -->
        <test-method signature="searchTest(java.lang.String, java.lang.String)[pri:0, instance:SearchTest@683dbc2c]" started-at="2021-02-23T19:34:32 COT" name="searchTest" finished-at="2021-02-23T19:34:39 COT" duration-ms="7307" status="PASS">
          <params>
            <param index="0">
              <value>
                <![CDATA[A Practitioner's Guide to Software Test Design]]>
              </value>
            </param>
            <param index="1">
              <value>
                <![CDATA[Software Test Design]]>
              </value>
            </param>
          </params>
          <reporter-output>
          </reporter-output>
        </test-method> <!-- searchTest -->
        <test-method is-config="true" signature="tearDown()[pri:0, instance:SearchTest@683dbc2c]" started-at="2021-02-23T19:34:39 COT" name="tearDown" finished-at="2021-02-23T19:34:44 COT" duration-ms="4731" status="PASS">
          <reporter-output>
          </reporter-output>
        </test-method> <!-- tearDown -->
      </class> <!-- SearchTest -->
    </test> <!-- SearchTest -->
  </suite> <!-- Amazon Suite -->
</testng-results>
